TN:
SF:solution/app.js
FN:32,(anonymous_0)
FN:37,(anonymous_1)
FNF:2
FNH:0
FNDA:0,(anonymous_0)
FNDA:0,(anonymous_1)
DA:5,1
DA:6,1
DA:8,1
DA:10,1
DA:11,1
DA:12,1
DA:13,1
DA:14,1
DA:16,1
DA:18,1
DA:20,1
DA:21,1
DA:22,1
DA:23,1
DA:25,1
DA:26,1
DA:27,1
DA:28,1
DA:32,1
DA:33,0
DA:37,1
DA:38,0
DA:39,0
DA:40,0
DA:42,0
DA:47,1
LF:26
LH:21
BRDA:38,0,0,0
BRDA:38,0,1,0
BRDA:39,1,0,0
BRDA:39,1,1,0
BRF:4
BRH:0
end_of_record
TN:
SF:solution/config.js
FN:13,getDatabaseUri
FNF:1
FNH:1
FNDA:1,getDatabaseUri
DA:5,1
DA:6,1
DA:8,1
DA:10,1
DA:14,1
DA:21,1
DA:23,1
DA:24,0
DA:34,1
LF:9
LH:8
BRDA:8,0,0,1
BRDA:8,0,1,1
BRDA:10,1,0,1
BRDA:10,1,1,1
BRDA:14,2,0,1
BRDA:14,2,1,0
BRDA:16,3,0,0
BRDA:16,3,1,0
BRDA:21,4,0,1
BRDA:21,4,1,0
BRDA:23,5,0,0
BRDA:23,5,1,1
BRF:12
BRH:7
end_of_record
TN:
SF:solution/db.js
FNF:0
FNH:0
DA:5,1
DA:6,1
DA:8,1
DA:10,1
DA:26,1
DA:28,1
LF:6
LH:6
BRF:0
BRH:0
end_of_record
TN:
SF:solution/helpers/sql.js
FN:22,sqlForPartialUpdate
FN:27,(anonymous_1)
FNF:2
FNH:0
FNDA:0,sqlForPartialUpdate
FNDA:0,(anonymous_1)
DA:3,1
DA:23,0
DA:24,0
DA:27,0
DA:28,0
DA:31,0
DA:37,1
LF:7
LH:2
BRDA:24,0,0,0
BRDA:24,0,1,0
BRDA:28,1,0,0
BRDA:28,1,1,0
BRF:4
BRH:0
end_of_record
TN:
SF:solution/helpers/tokens.js
FN:8,createToken
FNF:1
FNH:1
FNDA:3,createToken
DA:3,1
DA:4,1
DA:9,3
DA:12,3
DA:17,3
DA:20,1
LF:6
LH:6
BRDA:14,0,0,3
BRDA:14,0,1,2
BRF:2
BRH:2
end_of_record
TN:
SF:solution/middleware/auth.js
FN:18,authenticateJWT
FN:38,ensureLoggedIn
FN:49,ensureAdmin
FN:63,ensureCorrectUserOrAdmin
FNF:4
FNH:0
FNDA:0,authenticateJWT
FNDA:0,ensureLoggedIn
FNDA:0,ensureAdmin
FNDA:0,ensureCorrectUserOrAdmin
DA:5,1
DA:6,1
DA:7,1
DA:19,0
DA:20,0
DA:21,0
DA:23,0
DA:24,0
DA:29,0
DA:39,0
DA:40,0
DA:50,0
DA:51,0
DA:53,0
DA:64,0
DA:65,0
DA:66,0
DA:67,0
DA:70,0
DA:74,1
LF:20
LH:4
BRDA:20,0,0,0
BRDA:20,0,1,0
BRDA:39,1,0,0
BRDA:39,1,1,0
BRDA:50,2,0,0
BRDA:50,2,1,0
BRDA:50,3,0,0
BRDA:50,3,1,0
BRDA:66,4,0,0
BRDA:66,4,1,0
BRDA:66,5,0,0
BRDA:66,5,1,0
BRDA:66,5,2,0
BRF:13
BRH:0
end_of_record
TN:
SF:solution/models/company.js
FN:19,(anonymous_0)
FN:67,(anonymous_1)
FN:103,(anonymous_2)
FN:133,(anonymous_3)
FN:171,(anonymous_4)
FN:203,(anonymous_5)
FNF:6
FNH:0
FNDA:0,(anonymous_0)
FNDA:0,(anonymous_1)
FNDA:0,(anonymous_2)
FNDA:0,(anonymous_3)
FNDA:0,(anonymous_4)
FNDA:0,(anonymous_5)
DA:3,1
DA:4,1
DA:5,1
DA:20,0
DA:25,0
DA:26,0
DA:28,0
DA:48,0
DA:50,0
DA:68,0
DA:69,0
DA:71,0
DA:72,0
DA:73,0
DA:76,0
DA:77,0
DA:78,0
DA:81,0
DA:82,0
DA:83,0
DA:86,0
DA:90,0
DA:104,0
DA:106,0
DA:107,0
DA:110,0
DA:114,0
DA:122,0
DA:134,0
DA:143,0
DA:145,0
DA:147,0
DA:154,0
DA:156,0
DA:172,0
DA:178,0
DA:180,0
DA:190,0
DA:191,0
DA:193,0
DA:195,0
DA:204,0
DA:209,0
DA:211,0
DA:216,1
LF:45
LH:4
BRDA:25,0,0,0
BRDA:25,0,1,0
BRDA:71,1,0,0
BRDA:71,1,1,0
BRDA:76,2,0,0
BRDA:76,2,1,0
BRDA:81,3,0,0
BRDA:81,3,1,0
BRDA:86,4,0,0
BRDA:86,4,1,0
BRDA:103,5,0,0
BRDA:106,6,0,0
BRDA:106,6,1,0
BRDA:145,7,0,0
BRDA:145,7,1,0
BRDA:193,8,0,0
BRDA:193,8,1,0
BRDA:211,9,0,0
BRDA:211,9,1,0
BRF:19
BRH:0
end_of_record
TN:
SF:solution/models/job.js
FN:20,(anonymous_0)
FN:66,(anonymous_1)
FN:101,(anonymous_2)
FN:129,(anonymous_3)
FN:170,(anonymous_4)
FN:198,(anonymous_5)
FNF:6
FNH:0
FNDA:0,(anonymous_0)
FNDA:0,(anonymous_1)
FNDA:0,(anonymous_2)
FNDA:0,(anonymous_3)
FNDA:0,(anonymous_4)
FNDA:0,(anonymous_5)
DA:3,1
DA:4,1
DA:5,1
DA:21,0
DA:26,0
DA:28,0
DA:30,0
DA:47,0
DA:49,0
DA:67,0
DA:68,0
DA:70,0
DA:71,0
DA:72,0
DA:75,0
DA:76,0
DA:79,0
DA:80,0
DA:81,0
DA:84,0
DA:88,0
DA:103,0
DA:107,0
DA:118,0
DA:130,0
DA:139,0
DA:141,0
DA:143,0
DA:152,0
DA:153,0
DA:155,0
DA:171,0
DA:174,0
DA:176,0
DA:185,0
DA:186,0
DA:188,0
DA:190,0
DA:199,0
DA:204,0
DA:206,0
DA:210,1
LF:42
LH:4
BRDA:28,0,0,0
BRDA:28,0,1,0
BRDA:70,1,0,0
BRDA:70,1,1,0
BRDA:75,2,0,0
BRDA:75,2,1,0
BRDA:79,3,0,0
BRDA:79,3,1,0
BRDA:84,4,0,0
BRDA:84,4,1,0
BRDA:101,5,0,0
BRDA:141,6,0,0
BRDA:141,6,1,0
BRDA:188,7,0,0
BRDA:188,7,1,0
BRDA:206,8,0,0
BRDA:206,8,1,0
BRF:17
BRH:0
end_of_record
TN:
SF:solution/models/user.js
FN:24,(anonymous_0)
FN:58,(anonymous_1)
FN:106,(anonymous_2)
FN:128,(anonymous_3)
FN:148,(anonymous_4)
FN:169,(anonymous_5)
FN:203,(anonymous_6)
FN:221,(anonymous_7)
FNF:8
FNH:0
FNDA:0,(anonymous_0)
FNDA:0,(anonymous_1)
FNDA:0,(anonymous_2)
FNDA:0,(anonymous_3)
FNDA:0,(anonymous_4)
FNDA:0,(anonymous_5)
FNDA:0,(anonymous_6)
FNDA:0,(anonymous_7)
DA:3,1
DA:4,1
DA:5,1
DA:10,1
DA:12,1
DA:26,0
DA:37,0
DA:39,0
DA:41,0
DA:42,0
DA:43,0
DA:44,0
DA:48,0
DA:60,0
DA:66,0
DA:67,0
DA:70,0
DA:72,0
DA:96,0
DA:98,0
DA:107,0
DA:117,0
DA:129,0
DA:139,0
DA:141,0
DA:143,0
DA:148,0
DA:149,0
DA:170,0
DA:171,0
DA:174,0
DA:181,0
DA:183,0
DA:192,0
DA:193,0
DA:195,0
DA:197,0
DA:198,0
DA:204,0
DA:210,0
DA:212,0
DA:222,0
DA:226,0
DA:228,0
DA:230,0
DA:234,0
DA:236,0
DA:238,0
DA:245,1
LF:49
LH:6
BRDA:39,0,0,0
BRDA:39,0,1,0
BRDA:42,1,0,0
BRDA:42,1,1,0
BRDA:66,2,0,0
BRDA:66,2,1,0
BRDA:141,3,0,0
BRDA:141,3,1,0
BRDA:170,4,0,0
BRDA:170,4,1,0
BRDA:195,5,0,0
BRDA:195,5,1,0
BRDA:212,6,0,0
BRDA:212,6,1,0
BRDA:228,7,0,0
BRDA:228,7,1,0
BRDA:236,8,0,0
BRDA:236,8,1,0
BRF:18
BRH:0
end_of_record
TN:
SF:solution/routes/_testCommon.js
FN:11,commonBeforeAll
FN:77,commonBeforeEach
FN:81,commonAfterEach
FN:85,commonAfterAll
FNF:4
FNH:3
FNDA:1,commonBeforeAll
FNDA:0,commonBeforeEach
FNDA:43,commonAfterEach
FNDA:1,commonAfterAll
DA:3,1
DA:4,1
DA:5,1
DA:6,1
DA:7,1
DA:9,1
DA:13,1
DA:15,0
DA:17,0
DA:25,0
DA:33,0
DA:42,0
DA:44,0
DA:46,0
DA:49,0
DA:57,0
DA:65,0
DA:74,0
DA:78,0
DA:82,43
DA:86,1
DA:90,1
DA:91,1
DA:92,1
DA:95,1
LF:25
LH:13
BRF:0
BRH:0
end_of_record
TN:
SF:solution/routes/auth.js
FN:22,(anonymous_0)
FN:29,(anonymous_1)
FN:49,(anonymous_2)
FN:56,(anonymous_3)
FNF:4
FNH:0
FNDA:0,(anonymous_0)
FNDA:0,(anonymous_1)
FNDA:0,(anonymous_2)
FNDA:0,(anonymous_3)
DA:5,1
DA:7,1
DA:8,1
DA:9,1
DA:10,1
DA:11,1
DA:12,1
DA:13,1
DA:22,1
DA:23,0
DA:28,0
DA:29,0
DA:30,0
DA:33,0
DA:34,0
DA:35,0
DA:36,0
DA:49,1
DA:50,0
DA:55,0
DA:56,0
DA:57,0
DA:60,0
DA:61,0
DA:62,0
DA:66,1
LF:26
LH:11
BRDA:28,0,0,0
BRDA:28,0,1,0
BRDA:55,1,0,0
BRDA:55,1,1,0
BRF:4
BRH:0
end_of_record
TN:
SF:solution/routes/companies.js
FN:28,(anonymous_0)
FN:35,(anonymous_1)
FN:54,(anonymous_2)
FN:66,(anonymous_3)
FN:82,(anonymous_4)
FN:98,(anonymous_5)
FN:105,(anonymous_6)
FN:118,(anonymous_7)
FNF:8
FNH:0
FNDA:0,(anonymous_0)
FNDA:0,(anonymous_1)
FNDA:0,(anonymous_2)
FNDA:0,(anonymous_3)
FNDA:0,(anonymous_4)
FNDA:0,(anonymous_5)
FNDA:0,(anonymous_6)
FNDA:0,(anonymous_7)
DA:5,1
DA:6,1
DA:8,1
DA:9,1
DA:10,1
DA:12,1
DA:13,1
DA:14,1
DA:16,1
DA:28,1
DA:29,0
DA:34,0
DA:35,0
DA:36,0
DA:39,0
DA:40,0
DA:54,1
DA:55,0
DA:57,0
DA:58,0
DA:60,0
DA:65,0
DA:66,0
DA:67,0
DA:70,0
DA:71,0
DA:82,1
DA:83,0
DA:84,0
DA:98,1
DA:99,0
DA:104,0
DA:105,0
DA:106,0
DA:109,0
DA:110,0
DA:118,1
DA:119,0
DA:120,0
DA:124,1
LF:40
LH:15
BRDA:34,0,0,0
BRDA:34,0,1,0
BRDA:57,1,0,0
BRDA:57,1,1,0
BRDA:58,2,0,0
BRDA:58,2,1,0
BRDA:65,3,0,0
BRDA:65,3,1,0
BRDA:104,4,0,0
BRDA:104,4,1,0
BRF:10
BRH:0
end_of_record
TN:
SF:solution/routes/jobs.js
FN:27,(anonymous_0)
FN:34,(anonymous_1)
FN:53,(anonymous_2)
FN:65,(anonymous_3)
FN:81,(anonymous_4)
FN:96,(anonymous_5)
FN:103,(anonymous_6)
FN:116,(anonymous_7)
FNF:8
FNH:0
FNDA:0,(anonymous_0)
FNDA:0,(anonymous_1)
FNDA:0,(anonymous_2)
FNDA:0,(anonymous_3)
FNDA:0,(anonymous_4)
FNDA:0,(anonymous_5)
FNDA:0,(anonymous_6)
FNDA:0,(anonymous_7)
DA:5,1
DA:7,1
DA:8,1
DA:9,1
DA:10,1
DA:11,1
DA:12,1
DA:13,1
DA:15,1
DA:27,1
DA:28,0
DA:33,0
DA:34,0
DA:35,0
DA:38,0
DA:39,0
DA:53,1
DA:54,0
DA:56,0
DA:57,0
DA:59,0
DA:64,0
DA:65,0
DA:66,0
DA:69,0
DA:70,0
DA:81,1
DA:82,0
DA:83,0
DA:96,1
DA:97,0
DA:102,0
DA:103,0
DA:104,0
DA:107,0
DA:108,0
DA:116,1
DA:117,0
DA:118,0
DA:122,1
LF:40
LH:15
BRDA:33,0,0,0
BRDA:33,0,1,0
BRDA:56,1,0,0
BRDA:56,1,1,0
BRDA:64,2,0,0
BRDA:64,2,1,0
BRDA:102,3,0,0
BRDA:102,3,1,0
BRF:8
BRH:0
end_of_record
TN:
SF:solution/routes/users.js
FN:30,(anonymous_0)
FN:37,(anonymous_1)
FN:54,(anonymous_2)
FN:68,(anonymous_3)
FN:84,(anonymous_4)
FN:91,(anonymous_5)
FN:105,(anonymous_6)
FN:118,(anonymous_7)
FNF:8
FNH:0
FNDA:0,(anonymous_0)
FNDA:0,(anonymous_1)
FNDA:0,(anonymous_2)
FNDA:0,(anonymous_3)
FNDA:0,(anonymous_4)
FNDA:0,(anonymous_5)
FNDA:0,(anonymous_6)
FNDA:0,(anonymous_7)
DA:5,1
DA:7,1
DA:8,1
DA:9,1
DA:10,1
DA:11,1
DA:12,1
DA:13,1
DA:15,1
DA:30,1
DA:31,0
DA:36,0
DA:37,0
DA:38,0
DA:41,0
DA:42,0
DA:43,0
DA:54,1
DA:55,0
DA:56,0
DA:68,1
DA:69,0
DA:70,0
DA:84,1
DA:85,0
DA:90,0
DA:91,0
DA:92,0
DA:95,0
DA:96,0
DA:105,1
DA:106,0
DA:107,0
DA:118,1
DA:119,0
DA:120,0
DA:121,0
DA:125,1
LF:38
LH:16
BRDA:36,0,0,0
BRDA:36,0,1,0
BRDA:90,1,0,0
BRDA:90,1,1,0
BRF:4
BRH:0
end_of_record
