TN:
SF:config.js
FN:13,getDatabaseUri
FNF:1
FNH:0
FNDA:0,getDatabaseUri
DA:5,1
DA:6,0
DA:8,0
DA:10,0
DA:14,0
DA:21,0
DA:23,0
DA:24,0
DA:34,0
LF:9
LH:1
BRDA:8,0,0,0
BRDA:8,0,1,0
BRDA:10,1,0,0
BRDA:10,1,1,0
BRDA:14,2,0,0
BRDA:14,2,1,0
BRDA:16,3,0,0
BRDA:16,3,1,0
BRDA:21,4,0,0
BRDA:21,4,1,0
BRDA:23,5,0,0
BRDA:23,5,1,0
BRF:12
BRH:0
end_of_record
TN:
SF:expressError.js
FN:10,(anonymous_0)
FN:20,(anonymous_1)
FN:28,(anonymous_2)
FN:36,(anonymous_3)
FN:44,(anonymous_4)
FNF:5
FNH:2
FNDA:1,(anonymous_0)
FNDA:0,(anonymous_1)
FNDA:0,(anonymous_2)
FNDA:1,(anonymous_3)
FNDA:0,(anonymous_4)
DA:11,1
DA:12,1
DA:13,1
DA:21,0
DA:29,0
DA:37,1
DA:45,0
DA:49,1
LF:8
LH:5
BRDA:20,0,0,0
BRDA:28,1,0,0
BRDA:36,2,0,0
BRDA:44,3,0,0
BRF:4
BRH:0
end_of_record
TN:
SF:helpers/sql.js
FN:22,sqlForPartialUpdate
FN:28,(anonymous_1)
FNF:2
FNH:2
FNDA:2,sqlForPartialUpdate
FNDA:3,(anonymous_1)
DA:3,1
DA:24,2
DA:25,2
DA:28,1
DA:29,3
DA:35,1
DA:41,1
LF:7
LH:7
BRDA:25,0,0,1
BRDA:25,0,1,1
BRDA:29,1,0,3
BRDA:29,1,1,2
BRF:4
BRH:4
end_of_record
